<?xml version="1.0" encoding="UTF-8"?>
<!-- Generated by org.testng.reporters.JUnitXMLReporter -->
<testsuite ignored="0" hostname="DESKTOP-RJCPFDU" failures="0" tests="2" name="paralletestingdemo" time="8.753" errors="0" timestamp="2025-10-22T09:14:22 AST">
  <testcase classname="test_7RMartSuperMarket.HomePage_Test" name="verifyLogout" time="1.8"/>
  <testcase classname="test_7RMartSuperMarket.ManageFooter_Test" name="manageFooterInformation" time="4.14"/>
</testsuite> <!-- paralletestingdemo -->
