<?xml version="1.0" encoding="UTF-8"?>
<testng-results ignored="0" total="2" passed="2" failed="0" skipped="0">
  <reporter-output>
  </reporter-output>
  <suite started-at="2025-10-22T09:01:31 AST" name="paralleltesting" finished-at="2025-10-22T09:01:37 AST" duration-ms="6280">
    <groups>
    </groups>
    <test started-at="2025-10-22T09:01:31 AST" name="paralletestingdemo" finished-at="2025-10-22T09:01:37 AST" duration-ms="6280">
      <class name="test_7RMartSuperMarket.ManageFooter_Test">
        <test-method is-config="true" signature="beforeMethod(java.lang.String)[pri:0, instance:test_7RMartSuperMarket.ManageFooter_Test@229f66ed]" started-at="2025-10-22T09:01:31 AST" name="beforeMethod" finished-at="2025-10-22T09:01:34 AST" duration-ms="3015" status="PASS">
          <params>
            <param index="0">
              <value>
                <![CDATA[chrome]]>
              </value>
            </param>
          </params>
          <reporter-output>
          </reporter-output>
        </test-method> <!-- beforeMethod -->
        <test-method signature="manageFooterInformation()[pri:0, instance:test_7RMartSuperMarket.ManageFooter_Test@229f66ed]" started-at="2025-10-22T09:01:34 AST" name="manageFooterInformation" finished-at="2025-10-22T09:01:37 AST" duration-ms="3018" status="PASS">
          <reporter-output>
          </reporter-output>
        </test-method> <!-- manageFooterInformation -->
        <test-method is-config="true" signature="afterMethod(org.testng.ITestResult)[pri:0, instance:test_7RMartSuperMarket.ManageFooter_Test@229f66ed]" started-at="2025-10-22T09:01:37 AST" name="afterMethod" finished-at="2025-10-22T09:01:37 AST" duration-ms="194" status="PASS">
          <params>
            <param index="0">
              <value>
                <![CDATA[[TestResult name=manageFooterInformation status=SUCCESS method=ManageFooter_Test.manageFooterInformation()[pri:0, instance:test_7RMartSuperMarket.ManageFooter_Test@229f66ed] output={null}]]]>
              </value>
            </param>
          </params>
          <reporter-output>
          </reporter-output>
        </test-method> <!-- afterMethod -->
      </class> <!-- test_7RMartSuperMarket.ManageFooter_Test -->
      <class name="test_7RMartSuperMarket.HomePage_Test">
        <test-method is-config="true" signature="beforeMethod(java.lang.String)[pri:0, instance:test_7RMartSuperMarket.HomePage_Test@175c2241]" started-at="2025-10-22T09:01:31 AST" name="beforeMethod" finished-at="2025-10-22T09:01:34 AST" duration-ms="2920" status="PASS">
          <params>
            <param index="0">
              <value>
                <![CDATA[chrome]]>
              </value>
            </param>
          </params>
          <reporter-output>
          </reporter-output>
        </test-method> <!-- beforeMethod -->
        <test-method signature="verifyLogout()[pri:0, instance:test_7RMartSuperMarket.HomePage_Test@175c2241]" started-at="2025-10-22T09:01:34 AST" name="verifyLogout" finished-at="2025-10-22T09:01:35 AST" duration-ms="1717" status="PASS">
          <reporter-output>
          </reporter-output>
        </test-method> <!-- verifyLogout -->
        <test-method is-config="true" signature="afterMethod(org.testng.ITestResult)[pri:0, instance:test_7RMartSuperMarket.HomePage_Test@175c2241]" started-at="2025-10-22T09:01:35 AST" name="afterMethod" finished-at="2025-10-22T09:01:35 AST" duration-ms="209" status="PASS">
          <params>
            <param index="0">
              <value>
                <![CDATA[[TestResult name=verifyLogout status=SUCCESS method=HomePage_Test.verifyLogout()[pri:0, instance:test_7RMartSuperMarket.HomePage_Test@175c2241] output={null}]]]>
              </value>
            </param>
          </params>
          <reporter-output>
          </reporter-output>
        </test-method> <!-- afterMethod -->
      </class> <!-- test_7RMartSuperMarket.HomePage_Test -->
    </test> <!-- paralletestingdemo -->
  </suite> <!-- paralleltesting -->
</testng-results>
