<?xml version="1.0" encoding="UTF-8"?>
<!-- Generated by org.testng.reporters.JUnitXMLReporter -->
<testsuite ignored="2" hostname="DESKTOP-RJCPFDU" failures="0" tests="5" name="grouptest" time="19.453" errors="0" timestamp="2025-10-22T08:44:13 AST">
  <testcase classname="test_7RMartSuperMarket.Login_Page_Test" name="verifyInCorrectUsernameIncorrectPassword" time="1.328"/>
  <testcase classname="test_7RMartSuperMarket.Login_Page_Test" name="verifyValidUserCredentials" time="0.71"/>
  <testcase classname="test_7RMartSuperMarket.Login_Page_Test" name="verifyValidUserCredentials" time="0.423"/>
  <testcase classname="test_7RMartSuperMarket.Login_Page_Test" name="verifyValidUserCredentials" time="0.719"/>
  <testcase classname="test_7RMartSuperMarket.Login_Page_Test" name="verifyValidUserCredentials" time="0.37"/>
  <testcase classname="test_7RMartSuperMarket.Login_Page_Test" name="verifyInCorrectUsernamecorrectPassword" time="0.0">
    <ignored/>
  </testcase> <!-- verifyInCorrectUsernamecorrectPassword -->
  <testcase classname="test_7RMartSuperMarket.Login_Page_Test" name="verifyCorrectUsernameIncorrectPassword" time="0.0">
    <ignored/>
  </testcase> <!-- verifyCorrectUsernameIncorrectPassword -->
</testsuite> <!-- grouptest -->
