<?xml version="1.0" encoding="UTF-8"?>
<!-- Generated by org.testng.reporters.JUnitXMLReporter -->
<testsuite ignored="3" hostname="DESKTOP-RJCPFDU" failures="0" tests="1" name="Test" time="2.773" errors="0" timestamp="2025-10-06T08:20:26 AST">
  <testcase classname="test_7RMartSuperMarket.Login_Test_7RMartSuperMarket" name="verifyCorrectUsernameIncorrectPassword" time="0.429"/>
  <testcase classname="test_7RMartSuperMarket.Login_Test_7RMartSuperMarket" name="verifyInCorrectUsernamecorrectPassword" time="0.0">
    <ignored/>
  </testcase> <!-- verifyInCorrectUsernamecorrectPassword -->
  <testcase classname="test_7RMartSuperMarket.Login_Test_7RMartSuperMarket" name="verifyValidUserCredentials" time="0.0">
    <ignored/>
  </testcase> <!-- verifyValidUserCredentials -->
  <testcase classname="test_7RMartSuperMarket.Login_Test_7RMartSuperMarket" name="verifyInCorrectUsernameIncorrectPassword" time="0.0">
    <ignored/>
  </testcase> <!-- verifyInCorrectUsernameIncorrectPassword -->
</testsuite> <!-- Test -->
