<?xml version="1.0" encoding="UTF-8"?>
<!-- Generated by org.testng.reporters.JUnitXMLReporter -->
<testsuite ignored="0" hostname="DESKTOP-RJCPFDU" failures="0" tests="2" name="paralletestingdemo" time="6.28" errors="0" timestamp="2025-10-22T09:01:37 AST">
  <testcase classname="test_7RMartSuperMarket.HomePage_Test" name="verifyLogout" time="1.717"/>
  <testcase classname="test_7RMartSuperMarket.ManageFooter_Test" name="manageFooterInformation" time="3.018"/>
</testsuite> <!-- paralletestingdemo -->
